[debug] [2025-01-08T23:02:22.118Z] ----------------------------------------------------------------------
[debug] [2025-01-08T23:02:22.120Z] Command:       C:\Program Files\nodejs\node.exe C:\Users\C\AppData\Roaming\npm\node_modules\firebase-tools\lib\bin\firebase.js init hosting:github
[debug] [2025-01-08T23:02:22.120Z] CLI Version:   13.29.1
[debug] [2025-01-08T23:02:22.120Z] Platform:      win32
[debug] [2025-01-08T23:02:22.120Z] Node Version:  v23.1.0
[debug] [2025-01-08T23:02:22.121Z] Time:          Thu Jan 09 2025 01:02:22 GMT+0200 (Central Africa Time)
[debug] [2025-01-08T23:02:22.121Z] ----------------------------------------------------------------------
[debug] 
[debug] [2025-01-08T23:02:22.168Z] > command requires scopes: ["email","openid","https://www.googleapis.com/auth/cloudplatformprojects.readonly","https://www.googleapis.com/auth/firebase","https://www.googleapis.com/auth/cloud-platform"]
[debug] [2025-01-08T23:02:22.169Z] > authorizing via signed-in user (callebhabyar55@gmail.com)
[info] 
     ######## #### ########  ######## ########     ###     ######  ########
     ##        ##  ##     ## ##       ##     ##  ##   ##  ##       ##
     ######    ##  ########  ######   ########  #########  ######  ######
     ##        ##  ##    ##  ##       ##     ## ##     ##       ## ##
     ##       #### ##     ## ######## ########  ##     ##  ######  ########

You're about to initialize a Firebase project in this directory:

  C:\Users\C\Desktop\codes\caleb-portfolio

Before we get started, keep in mind:

  * You are initializing within an existing Firebase project directory

[info] 
=== Project Setup
[info] 
[info] First, let's associate this project directory with a Firebase project.
[info] You can create multiple project aliases by running firebase use --add, 
[info] but for now we'll just set up a default project.
[info] 
[info] i  If you want to create a project in a Google Cloud organization or folder, please use "firebase projects:create" instead, and return to this command when you've created the project. 
[debug] [2025-01-08T23:03:10.890Z] Checked if tokens are valid: true, expires at: 1736379230210
[debug] [2025-01-08T23:03:10.890Z] Checked if tokens are valid: true, expires at: 1736379230210
[debug] [2025-01-08T23:03:10.892Z] >>> [apiv2][query] POST https://cloudresourcemanager.googleapis.com/v1/projects [none]
[debug] [2025-01-08T23:03:10.892Z] >>> [apiv2][body] POST https://cloudresourcemanager.googleapis.com/v1/projects {"projectId":"caleb my work","name":"caleb my work"}
[debug] [2025-01-08T23:03:12.948Z] <<< [apiv2][status] POST https://cloudresourcemanager.googleapis.com/v1/projects 400
[debug] [2025-01-08T23:03:12.949Z] <<< [apiv2][body] POST https://cloudresourcemanager.googleapis.com/v1/projects {"error":{"code":400,"message":"field [project_id] has issue [project_id contains invalid characters]","status":"INVALID_ARGUMENT","details":[{"@type":"type.googleapis.com/google.rpc.BadRequest","fieldViolations":[{"field":"project_id","description":"project_id contains invalid characters"}]},{"@type":"type.googleapis.com/google.rpc.Help","links":[{"url":"https://cloud.google.com/resource-manager/reference/rest/v1/projects"}]}]}}
[debug] [2025-01-08T23:03:13.541Z] FirebaseError: Request to https://cloudresourcemanager.googleapis.com/v1/projects had HTTP Error: 400, field [project_id] has issue [project_id contains invalid characters]
    at responseToError (C:\Users\C\AppData\Roaming\npm\node_modules\firebase-tools\lib\responseToError.js:52:12)
    at RetryOperation._fn (C:\Users\C\AppData\Roaming\npm\node_modules\firebase-tools\lib\apiv2.js:312:77)
    at process.processTicksAndRejections (node:internal/process/task_queues:105:5)
[error] 
[error] Error: Failed to create project. See firebase-debug.log for more info.
